2020-02-05 17:05:17.2 MICROSOFT-CAFCC[3848]:BarsWF:I:------------------------------
2020-02-05 17:05:17.2 MICROSOFT-CAFCC[3848]:BarsWF:I:BarsWF started
2020-02-05 17:05:17.2 MICROSOFT-CAFCC[3848]:BarsWF:I:Init CUDA
2020-02-05 17:05:17.2 MICROSOFT-CAFCC[3848]:BarsWF:I:Main CUDA init #0
2020-02-05 17:05:17.2 MICROSOFT-CAFCC[3848]:BarsWF:I:Init SSE2
2020-02-05 17:05:17.3 MICROSOFT-CAFCC[3848]:BarsWF:I:Init Display
2020-02-05 17:05:17.3 MICROSOFT-CAFCC[3848]:BarsWF:I:Starting GPU thread #0
2020-02-05 17:05:17.3 MICROSOFT-CAFCC[3848]:BarsWF:I:CUDA thread start GPU#0
2020-02-05 17:05:17.3 MICROSOFT-CAFCC[3848]:BarsWF:I:Init CUDA thread #0
2020-02-05 17:05:17.3 MICROSOFT-CAFCC[3848]:BarsWF:I:Detecting CUDA performance for GPU#0
2020-02-05 17:05:17.5 MICROSOFT-CAFCC[3848]:BarsWF:I:GPU#0 Time spent: 62.500
2020-02-05 17:05:17.5 MICROSOFT-CAFCC[3848]:BarsWF:I:State saved.
2020-02-05 17:05:17.6 MICROSOFT-CAFCC[3848]:BarsWF:I:GPU#0 New amount of work per kernel: 2 : 512
2020-02-05 17:05:17.7 MICROSOFT-CAFCC[3848]:BarsWF:I:CUDA thread stop GPU#0
2020-02-05 17:05:17.8 MICROSOFT-CAFCC[3848]:BarsWF:I:Starting GPU thread #0
2020-02-05 17:05:17.9 MICROSOFT-CAFCC[3848]:BarsWF:I:CUDA thread start GPU#0
2020-02-05 17:05:17.9 MICROSOFT-CAFCC[3848]:BarsWF:I:Init CUDA thread #0
2020-02-05 17:05:21.0 MICROSOFT-CAFCC[3848]:BarsWF:I:CUDA thread stop GPU#0
2020-02-05 17:05:21.4 MICROSOFT-CAFCC[3848]:BarsWF:I:Starting GPU thread #0
2020-02-05 17:05:21.5 MICROSOFT-CAFCC[3848]:BarsWF:I:CUDA thread start GPU#0
2020-02-05 17:05:21.5 MICROSOFT-CAFCC[3848]:BarsWF:I:Init CUDA thread #0
2020-02-05 17:08:05.3 MICROSOFT-CAFCC[3848]:BarsWF:I:CUDA thread stop GPU#0
2020-02-05 17:08:05.6 MICROSOFT-CAFCC[3848]:BarsWF:I:Starting GPU thread #0
2020-02-05 17:08:05.7 MICROSOFT-CAFCC[3848]:BarsWF:I:CUDA thread start GPU#0
2020-02-05 17:08:05.7 MICROSOFT-CAFCC[3848]:BarsWF:I:Init CUDA thread #0
2020-02-05 17:16:01.2 MICROSOFT-CAFCC[3848]:BarsWF:I:State saved.
2020-02-06 13:41:19.7 MICROSOFT-CAFCC[2848]:BarsWF:I:------------------------------
2020-02-06 13:41:19.8 MICROSOFT-CAFCC[2848]:BarsWF:I:BarsWF started
2020-02-06 13:41:19.9 MICROSOFT-CAFCC[2848]:BarsWF:I:Init SSE2
2020-02-06 13:41:20.0 MICROSOFT-CAFCC[2848]:BarsWF:I:Init Display
2020-02-06 13:41:20.3 MICROSOFT-CAFCC[2848]:BarsWF:I:State saved.
2020-02-06 13:41:43.6 MICROSOFT-CAFCC[3404]:BarsWF:I:------------------------------
2020-02-06 13:41:43.7 MICROSOFT-CAFCC[3404]:BarsWF:I:BarsWF started
2020-02-06 13:41:43.7 MICROSOFT-CAFCC[3404]:BarsWF:I:Init CUDA
2020-02-06 13:41:44.0 MICROSOFT-CAFCC[3404]:BarsWF:I:Main CUDA init #0
2020-02-06 13:41:44.0 MICROSOFT-CAFCC[3404]:BarsWF:I:Init SSE2
2020-02-06 13:41:44.1 MICROSOFT-CAFCC[3404]:BarsWF:I:Init Display
2020-02-06 13:41:44.2 MICROSOFT-CAFCC[3404]:BarsWF:I:Starting GPU thread #0
2020-02-06 13:41:44.2 MICROSOFT-CAFCC[3404]:BarsWF:I:CUDA thread start GPU#0
2020-02-06 13:41:44.3 MICROSOFT-CAFCC[3404]:BarsWF:I:Init CUDA thread #0
2020-02-06 13:41:44.3 MICROSOFT-CAFCC[3404]:BarsWF:I:Detecting CUDA performance for GPU#0
2020-02-06 13:41:44.4 MICROSOFT-CAFCC[3404]:BarsWF:I:State saved.
2020-02-06 13:41:44.6 MICROSOFT-CAFCC[3404]:BarsWF:I:GPU#0 Time spent: 62.500
2020-02-06 13:41:44.6 MICROSOFT-CAFCC[3404]:BarsWF:I:GPU#0 New amount of work per kernel: 2 : 512
2020-02-06 13:41:44.7 MICROSOFT-CAFCC[3404]:BarsWF:I:CUDA thread stop GPU#0
2020-02-06 13:41:44.8 MICROSOFT-CAFCC[3404]:BarsWF:I:Starting GPU thread #0
2020-02-06 13:41:44.8 MICROSOFT-CAFCC[3404]:BarsWF:I:CUDA thread start GPU#0
2020-02-06 13:41:44.9 MICROSOFT-CAFCC[3404]:BarsWF:I:Init CUDA thread #0
2020-02-06 13:41:47.8 MICROSOFT-CAFCC[3404]:BarsWF:I:CUDA thread stop GPU#0
2020-02-06 13:41:48.2 MICROSOFT-CAFCC[3404]:BarsWF:I:Starting GPU thread #0
2020-02-06 13:41:48.2 MICROSOFT-CAFCC[3404]:BarsWF:I:CUDA thread start GPU#0
2020-02-06 13:41:48.3 MICROSOFT-CAFCC[3404]:BarsWF:I:Init CUDA thread #0
2020-02-06 13:41:57.2 MICROSOFT-CAFCC[3960]:BarsWF:I:------------------------------
2020-02-06 13:41:57.2 MICROSOFT-CAFCC[3960]:BarsWF:I:BarsWF started
2020-02-06 13:41:57.3 MICROSOFT-CAFCC[3960]:BarsWF:I:Init SSE2
2020-02-06 13:41:57.4 MICROSOFT-CAFCC[3960]:BarsWF:I:Init Display
2020-02-06 13:41:57.7 MICROSOFT-CAFCC[3960]:BarsWF:I:State saved.
